<?xml version="1.0" encoding="UTF-8"?>
<coverage line-rate="0.672489082969432" branch-rate="0" lines-covered="308" lines-valid="458" branches-covered="0" branches-valid="0" complexity="0" version="3.6.1" timestamp="2022-10-05 09:10:17">
  <sources/>
  <packages>
    <package name="mtdesign" line-rate="0.672489082969432" branch-rate="0" complexity="0">
      <classes>
        <class name="functions.R" filename="R/functions.R" line-rate="0.596774193548387" branch-rate="0" complexity="0">
          <methods>
            <method name=".onLoad" signature="" line-rate="0" branch-rate="0">
              <lines>
                <line number="5" hits="0" branch="false"/>
                <line number="6" hits="0" branch="false"/>
                <line number="7" hits="0" branch="false"/>
                <line number="8" hits="0" branch="false"/>
              </lines>
            </method>
            <method name=".onUnload" signature="" line-rate="0" branch-rate="0">
              <lines>
                <line number="12" hits="0" branch="false"/>
              </lines>
            </method>
            <method name="isBasicGrid" signature="" line-rate="0.833333333333333" branch-rate="0">
              <lines>
                <line number="16" hits="54" branch="false"/>
                <line number="17" hits="0" branch="false"/>
                <line number="18" hits="54" branch="false"/>
                <line number="19" hits="54" branch="false"/>
                <line number="20" hits="54" branch="false"/>
                <line number="21" hits="54" branch="false"/>
              </lines>
            </method>
            <method name="isManderGrid" signature="" line-rate="1" branch-rate="0">
              <lines>
                <line number="25" hits="27" branch="false"/>
                <line number="26" hits="27" branch="false"/>
                <line number="27" hits="27" branch="false"/>
                <line number="28" hits="27" branch="false"/>
                <line number="29" hits="27" branch="false"/>
              </lines>
            </method>
            <method name="isAugmented" signature="" line-rate="1" branch-rate="0">
              <lines>
                <line number="33" hits="16" branch="false"/>
                <line number="34" hits="1" branch="false"/>
                <line number="35" hits="15" branch="false"/>
                <line number="36" hits="15" branch="false"/>
                <line number="37" hits="15" branch="false"/>
                <line number="38" hits="15" branch="false"/>
                <line number="39" hits="15" branch="false"/>
              </lines>
            </method>
            <method name="createGrid" signature="" line-rate="0.98876404494382" branch-rate="0">
              <lines>
                <line number="73" hits="30" branch="false"/>
                <line number="75" hits="1" branch="false"/>
                <line number="76" hits="1" branch="false"/>
                <line number="77" hits="3" branch="false"/>
                <line number="78" hits="2" branch="false"/>
                <line number="79" hits="2" branch="false"/>
                <line number="80" hits="1" branch="false"/>
                <line number="81" hits="15" branch="false"/>
                <line number="82" hits="2" branch="false"/>
                <line number="84" hits="11" branch="false"/>
                <line number="85" hits="0" branch="false"/>
                <line number="87" hits="14" branch="false"/>
                <line number="88" hits="1" branch="false"/>
                <line number="90" hits="13" branch="false"/>
                <line number="91" hits="1" branch="false"/>
                <line number="95" hits="2" branch="false"/>
                <line number="96" hits="12" branch="false"/>
                <line number="97" hits="12" branch="false"/>
                <line number="99" hits="12" branch="false"/>
                <line number="101" hits="12" branch="false"/>
                <line number="102" hits="12" branch="false"/>
                <line number="104" hits="12" branch="false"/>
                <line number="106" hits="12" branch="false"/>
                <line number="107" hits="12" branch="false"/>
                <line number="109" hits="12" branch="false"/>
                <line number="110" hits="12" branch="false"/>
                <line number="111" hits="12" branch="false"/>
                <line number="112" hits="12" branch="false"/>
                <line number="113" hits="12" branch="false"/>
                <line number="114" hits="12" branch="false"/>
                <line number="115" hits="12" branch="false"/>
                <line number="116" hits="12" branch="false"/>
                <line number="117" hits="12" branch="false"/>
                <line number="118" hits="12" branch="false"/>
                <line number="119" hits="12" branch="false"/>
                <line number="120" hits="6" branch="false"/>
                <line number="123" hits="6" branch="false"/>
                <line number="124" hits="6" branch="false"/>
                <line number="125" hits="6" branch="false"/>
                <line number="126" hits="6" branch="false"/>
                <line number="127" hits="6" branch="false"/>
                <line number="128" hits="3" branch="false"/>
                <line number="130" hits="3" branch="false"/>
                <line number="137" hits="6" branch="false"/>
                <line number="138" hits="6" branch="false"/>
                <line number="139" hits="6" branch="false"/>
                <line number="141" hits="6" branch="false"/>
                <line number="142" hits="6" branch="false"/>
                <line number="143" hits="6" branch="false"/>
                <line number="145" hits="6" branch="false"/>
                <line number="146" hits="6" branch="false"/>
                <line number="147" hits="6" branch="false"/>
                <line number="148" hits="6" branch="false"/>
                <line number="149" hits="6" branch="false"/>
                <line number="150" hits="6" branch="false"/>
                <line number="151" hits="6" branch="false"/>
                <line number="152" hits="6" branch="false"/>
                <line number="153" hits="6" branch="false"/>
                <line number="154" hits="6" branch="false"/>
                <line number="155" hits="6" branch="false"/>
                <line number="156" hits="6" branch="false"/>
                <line number="157" hits="6" branch="false"/>
                <line number="159" hits="6" branch="false"/>
                <line number="161" hits="6" branch="false"/>
                <line number="162" hits="3" branch="false"/>
                <line number="163" hits="3" branch="false"/>
                <line number="164" hits="3" branch="false"/>
                <line number="165" hits="3" branch="false"/>
                <line number="166" hits="3" branch="false"/>
                <line number="167" hits="3" branch="false"/>
                <line number="168" hits="3" branch="false"/>
                <line number="169" hits="3" branch="false"/>
                <line number="170" hits="3" branch="false"/>
                <line number="171" hits="3" branch="false"/>
                <line number="172" hits="3" branch="false"/>
                <line number="173" hits="3" branch="false"/>
                <line number="174" hits="3" branch="false"/>
                <line number="176" hits="6" branch="false"/>
                <line number="177" hits="6" branch="false"/>
                <line number="178" hits="6" branch="false"/>
                <line number="179" hits="6" branch="false"/>
                <line number="180" hits="6" branch="false"/>
                <line number="181" hits="6" branch="false"/>
                <line number="182" hits="6" branch="false"/>
                <line number="183" hits="6" branch="false"/>
                <line number="184" hits="3" branch="false"/>
                <line number="186" hits="6" branch="false"/>
                <line number="187" hits="6" branch="false"/>
                <line number="188" hits="6" branch="false"/>
              </lines>
            </method>
            <method name="searchBounds" signature="" line-rate="1" branch-rate="0">
              <lines>
                <line number="205" hits="14" branch="false"/>
                <line number="206" hits="1" branch="false"/>
                <line number="211" hits="14" branch="false"/>
                <line number="212" hits="14" branch="false"/>
                <line number="213" hits="14" branch="false"/>
                <line number="215" hits="14" branch="false"/>
                <line number="217" hits="14" branch="false"/>
                <line number="218" hits="14" branch="false"/>
                <line number="219" hits="14" branch="false"/>
              </lines>
            </method>
            <method name="augmentGrid" signature="" line-rate="0.785714285714286" branch-rate="0">
              <lines>
                <line number="241" hits="6" branch="false"/>
                <line number="242" hits="6" branch="false"/>
                <line number="243" hits="6" branch="false"/>
                <line number="244" hits="1" branch="false"/>
                <line number="245" hits="0" branch="false"/>
                <line number="246" hits="0" branch="false"/>
                <line number="247" hits="0" branch="false"/>
                <line number="248" hits="0" branch="false"/>
                <line number="249" hits="0" branch="false"/>
                <line number="250" hits="0" branch="false"/>
                <line number="251" hits="0" branch="false"/>
                <line number="252" hits="0" branch="false"/>
                <line number="253" hits="0" branch="false"/>
                <line number="256" hits="6" branch="false"/>
                <line number="257" hits="1" branch="false"/>
                <line number="258" hits="0" branch="false"/>
                <line number="260" hits="1" branch="false"/>
                <line number="261" hits="0" branch="false"/>
                <line number="263" hits="1" branch="false"/>
                <line number="264" hits="1" branch="false"/>
                <line number="265" hits="1" branch="false"/>
                <line number="266" hits="1" branch="false"/>
                <line number="267" hits="1" branch="false"/>
                <line number="268" hits="1" branch="false"/>
                <line number="269" hits="1" branch="false"/>
                <line number="270" hits="1" branch="false"/>
                <line number="271" hits="1" branch="false"/>
                <line number="272" hits="1" branch="false"/>
                <line number="273" hits="1" branch="false"/>
                <line number="274" hits="1" branch="false"/>
                <line number="275" hits="0" branch="false"/>
                <line number="276" hits="1" branch="false"/>
                <line number="277" hits="1" branch="false"/>
                <line number="278" hits="1" branch="false"/>
                <line number="279" hits="1" branch="false"/>
                <line number="280" hits="1" branch="false"/>
                <line number="281" hits="1" branch="false"/>
                <line number="282" hits="1" branch="false"/>
                <line number="283" hits="1" branch="false"/>
                <line number="284" hits="1" branch="false"/>
                <line number="285" hits="1" branch="false"/>
                <line number="287" hits="5" branch="false"/>
                <line number="288" hits="3" branch="false"/>
                <line number="289" hits="3" branch="false"/>
                <line number="290" hits="3" branch="false"/>
                <line number="291" hits="3" branch="false"/>
                <line number="292" hits="3" branch="false"/>
                <line number="293" hits="3" branch="false"/>
                <line number="294" hits="3" branch="false"/>
                <line number="298" hits="5" branch="false"/>
                <line number="299" hits="5" branch="false"/>
                <line number="300" hits="5" branch="false"/>
                <line number="303" hits="6" branch="false"/>
                <line number="304" hits="4" branch="false"/>
                <line number="306" hits="6" branch="false"/>
                <line number="307" hits="6" branch="false"/>
              </lines>
            </method>
            <method name="obtainDesign" signature="" line-rate="0.82051282051282" branch-rate="0">
              <lines>
                <line number="370" hits="19" branch="false"/>
                <line number="372" hits="19" branch="false"/>
                <line number="374" hits="19" branch="false"/>
                <line number="375" hits="19" branch="false"/>
                <line number="376" hits="4" branch="false"/>
                <line number="378" hits="4" branch="false"/>
                <line number="379" hits="0" branch="false"/>
                <line number="380" hits="2" branch="false"/>
                <line number="381" hits="2" branch="false"/>
                <line number="383" hits="0" branch="false"/>
                <line number="384" hits="0" branch="false"/>
                <line number="386" hits="0" branch="false"/>
                <line number="387" hits="0" branch="false"/>
                <line number="389" hits="0" branch="false"/>
                <line number="390" hits="0" branch="false"/>
                <line number="392" hits="0" branch="false"/>
                <line number="393" hits="0" branch="false"/>
                <line number="395" hits="0" branch="false"/>
                <line number="396" hits="0" branch="false"/>
                <line number="403" hits="3" branch="false"/>
                <line number="404" hits="3" branch="false"/>
                <line number="405" hits="3" branch="false"/>
                <line number="406" hits="3" branch="false"/>
                <line number="407" hits="3" branch="false"/>
                <line number="408" hits="3" branch="false"/>
                <line number="409" hits="3" branch="false"/>
                <line number="410" hits="3" branch="false"/>
                <line number="411" hits="3" branch="false"/>
                <line number="412" hits="3" branch="false"/>
                <line number="413" hits="3" branch="false"/>
                <line number="414" hits="3" branch="false"/>
                <line number="415" hits="3" branch="false"/>
                <line number="416" hits="3" branch="false"/>
                <line number="417" hits="3" branch="false"/>
                <line number="418" hits="3" branch="false"/>
                <line number="419" hits="3" branch="false"/>
                <line number="421" hits="3" branch="false"/>
                <line number="422" hits="0" branch="false"/>
                <line number="424" hits="3" branch="false"/>
                <line number="425" hits="3" branch="false"/>
                <line number="426" hits="3" branch="false"/>
                <line number="427" hits="3" branch="false"/>
                <line number="428" hits="3" branch="false"/>
                <line number="429" hits="3" branch="false"/>
                <line number="430" hits="0" branch="false"/>
                <line number="431" hits="0" branch="false"/>
                <line number="434" hits="3" branch="false"/>
                <line number="435" hits="3" branch="false"/>
                <line number="436" hits="3" branch="false"/>
                <line number="437" hits="3" branch="false"/>
                <line number="438" hits="3" branch="false"/>
                <line number="439" hits="3" branch="false"/>
                <line number="440" hits="3" branch="false"/>
                <line number="441" hits="3" branch="false"/>
                <line number="442" hits="3" branch="false"/>
                <line number="443" hits="3" branch="false"/>
                <line number="444" hits="3" branch="false"/>
                <line number="445" hits="3" branch="false"/>
                <line number="446" hits="3" branch="false"/>
                <line number="447" hits="3" branch="false"/>
                <line number="448" hits="3" branch="false"/>
                <line number="449" hits="3" branch="false"/>
                <line number="450" hits="3" branch="false"/>
                <line number="451" hits="3" branch="false"/>
                <line number="452" hits="3" branch="false"/>
                <line number="453" hits="3" branch="false"/>
                <line number="454" hits="3" branch="false"/>
                <line number="455" hits="1" branch="false"/>
                <line number="456" hits="1" branch="false"/>
                <line number="457" hits="1" branch="false"/>
                <line number="458" hits="1" branch="false"/>
                <line number="459" hits="1" branch="false"/>
                <line number="460" hits="1" branch="false"/>
                <line number="461" hits="1" branch="false"/>
                <line number="463" hits="3" branch="false"/>
                <line number="464" hits="3" branch="false"/>
                <line number="465" hits="3" branch="false"/>
                <line number="466" hits="3" branch="false"/>
              </lines>
            </method>
            <method name="powerPlot" signature="" line-rate="0" branch-rate="0">
              <lines>
                <line number="484" hits="0" branch="false"/>
                <line number="485" hits="0" branch="false"/>
                <line number="486" hits="0" branch="false"/>
                <line number="488" hits="0" branch="false"/>
                <line number="489" hits="0" branch="false"/>
                <line number="490" hits="0" branch="false"/>
                <line number="491" hits="0" branch="false"/>
                <line number="492" hits="0" branch="false"/>
                <line number="493" hits="0" branch="false"/>
                <line number="494" hits="0" branch="false"/>
                <line number="495" hits="0" branch="false"/>
                <line number="496" hits="0" branch="false"/>
                <line number="497" hits="0" branch="false"/>
                <line number="498" hits="0" branch="false"/>
                <line number="499" hits="0" branch="false"/>
                <line number="500" hits="0" branch="false"/>
                <line number="501" hits="0" branch="false"/>
                <line number="502" hits="0" branch="false"/>
                <line number="503" hits="0" branch="false"/>
                <line number="504" hits="0" branch="false"/>
                <line number="505" hits="0" branch="false"/>
                <line number="506" hits="0" branch="false"/>
                <line number="507" hits="0" branch="false"/>
                <line number="508" hits="0" branch="false"/>
                <line number="509" hits="0" branch="false"/>
                <line number="510" hits="0" branch="false"/>
                <line number="511" hits="0" branch="false"/>
                <line number="512" hits="0" branch="false"/>
                <line number="513" hits="0" branch="false"/>
                <line number="514" hits="0" branch="false"/>
                <line number="515" hits="0" branch="false"/>
                <line number="516" hits="0" branch="false"/>
                <line number="517" hits="0" branch="false"/>
                <line number="518" hits="0" branch="false"/>
                <line number="519" hits="0" branch="false"/>
                <line number="520" hits="0" branch="false"/>
                <line number="521" hits="0" branch="false"/>
                <line number="522" hits="0" branch="false"/>
                <line number="523" hits="0" branch="false"/>
                <line number="524" hits="0" branch="false"/>
                <line number="525" hits="0" branch="false"/>
                <line number="526" hits="0" branch="false"/>
                <line number="527" hits="0" branch="false"/>
                <line number="528" hits="0" branch="false"/>
                <line number="529" hits="0" branch="false"/>
                <line number="530" hits="0" branch="false"/>
                <line number="531" hits="0" branch="false"/>
                <line number="532" hits="0" branch="false"/>
                <line number="533" hits="0" branch="false"/>
                <line number="534" hits="0" branch="false"/>
                <line number="535" hits="0" branch="false"/>
                <line number="536" hits="0" branch="false"/>
                <line number="537" hits="0" branch="false"/>
                <line number="538" hits="0" branch="false"/>
                <line number="539" hits="0" branch="false"/>
                <line number="541" hits="0" branch="false"/>
                <line number="542" hits="0" branch="false"/>
                <line number="543" hits="0" branch="false"/>
                <line number="544" hits="0" branch="false"/>
                <line number="545" hits="0" branch="false"/>
                <line number="546" hits="0" branch="false"/>
                <line number="547" hits="0" branch="false"/>
                <line number="548" hits="0" branch="false"/>
                <line number="549" hits="0" branch="false"/>
                <line number="550" hits="0" branch="false"/>
                <line number="551" hits="0" branch="false"/>
                <line number="552" hits="0" branch="false"/>
                <line number="553" hits="0" branch="false"/>
                <line number="554" hits="0" branch="false"/>
                <line number="555" hits="0" branch="false"/>
                <line number="556" hits="0" branch="false"/>
                <line number="557" hits="0" branch="false"/>
                <line number="558" hits="0" branch="false"/>
                <line number="559" hits="0" branch="false"/>
                <line number="560" hits="0" branch="false"/>
                <line number="561" hits="0" branch="false"/>
                <line number="562" hits="0" branch="false"/>
                <line number="563" hits="0" branch="false"/>
                <line number="564" hits="0" branch="false"/>
                <line number="565" hits="0" branch="false"/>
                <line number="566" hits="0" branch="false"/>
                <line number="567" hits="0" branch="false"/>
                <line number="568" hits="0" branch="false"/>
                <line number="569" hits="0" branch="false"/>
                <line number="570" hits="0" branch="false"/>
                <line number="571" hits="0" branch="false"/>
                <line number="572" hits="0" branch="false"/>
                <line number="573" hits="0" branch="false"/>
                <line number="574" hits="0" branch="false"/>
                <line number="575" hits="0" branch="false"/>
                <line number="576" hits="0" branch="false"/>
                <line number="577" hits="0" branch="false"/>
                <line number="578" hits="0" branch="false"/>
                <line number="579" hits="0" branch="false"/>
                <line number="580" hits="0" branch="false"/>
                <line number="581" hits="0" branch="false"/>
                <line number="582" hits="0" branch="false"/>
                <line number="583" hits="0" branch="false"/>
                <line number="584" hits="0" branch="false"/>
                <line number="585" hits="0" branch="false"/>
                <line number="586" hits="0" branch="false"/>
                <line number="588" hits="0" branch="false"/>
                <line number="589" hits="0" branch="false"/>
                <line number="590" hits="0" branch="false"/>
                <line number="591" hits="0" branch="false"/>
                <line number="592" hits="0" branch="false"/>
                <line number="593" hits="0" branch="false"/>
                <line number="594" hits="0" branch="false"/>
                <line number="595" hits="0" branch="false"/>
                <line number="596" hits="0" branch="false"/>
                <line number="597" hits="0" branch="false"/>
                <line number="598" hits="0" branch="false"/>
                <line number="599" hits="0" branch="false"/>
                <line number="600" hits="0" branch="false"/>
                <line number="601" hits="0" branch="false"/>
                <line number="602" hits="0" branch="false"/>
                <line number="603" hits="0" branch="false"/>
              </lines>
            </method>
          </methods>
          <lines>
            <line number="5" hits="0" branch="false"/>
            <line number="6" hits="0" branch="false"/>
            <line number="7" hits="0" branch="false"/>
            <line number="8" hits="0" branch="false"/>
            <line number="12" hits="0" branch="false"/>
            <line number="16" hits="54" branch="false"/>
            <line number="17" hits="0" branch="false"/>
            <line number="18" hits="54" branch="false"/>
            <line number="19" hits="54" branch="false"/>
            <line number="20" hits="54" branch="false"/>
            <line number="21" hits="54" branch="false"/>
            <line number="25" hits="27" branch="false"/>
            <line number="26" hits="27" branch="false"/>
            <line number="27" hits="27" branch="false"/>
            <line number="28" hits="27" branch="false"/>
            <line number="29" hits="27" branch="false"/>
            <line number="33" hits="16" branch="false"/>
            <line number="34" hits="1" branch="false"/>
            <line number="35" hits="15" branch="false"/>
            <line number="36" hits="15" branch="false"/>
            <line number="37" hits="15" branch="false"/>
            <line number="38" hits="15" branch="false"/>
            <line number="39" hits="15" branch="false"/>
            <line number="73" hits="30" branch="false"/>
            <line number="75" hits="1" branch="false"/>
            <line number="76" hits="1" branch="false"/>
            <line number="77" hits="3" branch="false"/>
            <line number="78" hits="2" branch="false"/>
            <line number="79" hits="2" branch="false"/>
            <line number="80" hits="1" branch="false"/>
            <line number="81" hits="15" branch="false"/>
            <line number="82" hits="2" branch="false"/>
            <line number="84" hits="11" branch="false"/>
            <line number="85" hits="0" branch="false"/>
            <line number="87" hits="14" branch="false"/>
            <line number="88" hits="1" branch="false"/>
            <line number="90" hits="13" branch="false"/>
            <line number="91" hits="1" branch="false"/>
            <line number="95" hits="2" branch="false"/>
            <line number="96" hits="12" branch="false"/>
            <line number="97" hits="12" branch="false"/>
            <line number="99" hits="12" branch="false"/>
            <line number="101" hits="12" branch="false"/>
            <line number="102" hits="12" branch="false"/>
            <line number="104" hits="12" branch="false"/>
            <line number="106" hits="12" branch="false"/>
            <line number="107" hits="12" branch="false"/>
            <line number="109" hits="12" branch="false"/>
            <line number="110" hits="12" branch="false"/>
            <line number="111" hits="12" branch="false"/>
            <line number="112" hits="12" branch="false"/>
            <line number="113" hits="12" branch="false"/>
            <line number="114" hits="12" branch="false"/>
            <line number="115" hits="12" branch="false"/>
            <line number="116" hits="12" branch="false"/>
            <line number="117" hits="12" branch="false"/>
            <line number="118" hits="12" branch="false"/>
            <line number="119" hits="12" branch="false"/>
            <line number="120" hits="6" branch="false"/>
            <line number="123" hits="6" branch="false"/>
            <line number="124" hits="6" branch="false"/>
            <line number="125" hits="6" branch="false"/>
            <line number="126" hits="6" branch="false"/>
            <line number="127" hits="6" branch="false"/>
            <line number="128" hits="3" branch="false"/>
            <line number="130" hits="3" branch="false"/>
            <line number="137" hits="6" branch="false"/>
            <line number="138" hits="6" branch="false"/>
            <line number="139" hits="6" branch="false"/>
            <line number="141" hits="6" branch="false"/>
            <line number="142" hits="6" branch="false"/>
            <line number="143" hits="6" branch="false"/>
            <line number="145" hits="6" branch="false"/>
            <line number="146" hits="6" branch="false"/>
            <line number="147" hits="6" branch="false"/>
            <line number="148" hits="6" branch="false"/>
            <line number="149" hits="6" branch="false"/>
            <line number="150" hits="6" branch="false"/>
            <line number="151" hits="6" branch="false"/>
            <line number="152" hits="6" branch="false"/>
            <line number="153" hits="6" branch="false"/>
            <line number="154" hits="6" branch="false"/>
            <line number="155" hits="6" branch="false"/>
            <line number="156" hits="6" branch="false"/>
            <line number="157" hits="6" branch="false"/>
            <line number="159" hits="6" branch="false"/>
            <line number="161" hits="6" branch="false"/>
            <line number="162" hits="3" branch="false"/>
            <line number="163" hits="3" branch="false"/>
            <line number="164" hits="3" branch="false"/>
            <line number="165" hits="3" branch="false"/>
            <line number="166" hits="3" branch="false"/>
            <line number="167" hits="3" branch="false"/>
            <line number="168" hits="3" branch="false"/>
            <line number="169" hits="3" branch="false"/>
            <line number="170" hits="3" branch="false"/>
            <line number="171" hits="3" branch="false"/>
            <line number="172" hits="3" branch="false"/>
            <line number="173" hits="3" branch="false"/>
            <line number="174" hits="3" branch="false"/>
            <line number="176" hits="6" branch="false"/>
            <line number="177" hits="6" branch="false"/>
            <line number="178" hits="6" branch="false"/>
            <line number="179" hits="6" branch="false"/>
            <line number="180" hits="6" branch="false"/>
            <line number="181" hits="6" branch="false"/>
            <line number="182" hits="6" branch="false"/>
            <line number="183" hits="6" branch="false"/>
            <line number="184" hits="3" branch="false"/>
            <line number="186" hits="6" branch="false"/>
            <line number="187" hits="6" branch="false"/>
            <line number="188" hits="6" branch="false"/>
            <line number="205" hits="14" branch="false"/>
            <line number="206" hits="1" branch="false"/>
            <line number="211" hits="14" branch="false"/>
            <line number="212" hits="14" branch="false"/>
            <line number="213" hits="14" branch="false"/>
            <line number="215" hits="14" branch="false"/>
            <line number="217" hits="14" branch="false"/>
            <line number="218" hits="14" branch="false"/>
            <line number="219" hits="14" branch="false"/>
            <line number="241" hits="6" branch="false"/>
            <line number="242" hits="6" branch="false"/>
            <line number="243" hits="6" branch="false"/>
            <line number="244" hits="1" branch="false"/>
            <line number="245" hits="0" branch="false"/>
            <line number="246" hits="0" branch="false"/>
            <line number="247" hits="0" branch="false"/>
            <line number="248" hits="0" branch="false"/>
            <line number="249" hits="0" branch="false"/>
            <line number="250" hits="0" branch="false"/>
            <line number="251" hits="0" branch="false"/>
            <line number="252" hits="0" branch="false"/>
            <line number="253" hits="0" branch="false"/>
            <line number="256" hits="6" branch="false"/>
            <line number="257" hits="1" branch="false"/>
            <line number="258" hits="0" branch="false"/>
            <line number="260" hits="1" branch="false"/>
            <line number="261" hits="0" branch="false"/>
            <line number="263" hits="1" branch="false"/>
            <line number="264" hits="1" branch="false"/>
            <line number="265" hits="1" branch="false"/>
            <line number="266" hits="1" branch="false"/>
            <line number="267" hits="1" branch="false"/>
            <line number="268" hits="1" branch="false"/>
            <line number="269" hits="1" branch="false"/>
            <line number="270" hits="1" branch="false"/>
            <line number="271" hits="1" branch="false"/>
            <line number="272" hits="1" branch="false"/>
            <line number="273" hits="1" branch="false"/>
            <line number="274" hits="1" branch="false"/>
            <line number="275" hits="0" branch="false"/>
            <line number="276" hits="1" branch="false"/>
            <line number="277" hits="1" branch="false"/>
            <line number="278" hits="1" branch="false"/>
            <line number="279" hits="1" branch="false"/>
            <line number="280" hits="1" branch="false"/>
            <line number="281" hits="1" branch="false"/>
            <line number="282" hits="1" branch="false"/>
            <line number="283" hits="1" branch="false"/>
            <line number="284" hits="1" branch="false"/>
            <line number="285" hits="1" branch="false"/>
            <line number="287" hits="5" branch="false"/>
            <line number="288" hits="3" branch="false"/>
            <line number="289" hits="3" branch="false"/>
            <line number="290" hits="3" branch="false"/>
            <line number="291" hits="3" branch="false"/>
            <line number="292" hits="3" branch="false"/>
            <line number="293" hits="3" branch="false"/>
            <line number="294" hits="3" branch="false"/>
            <line number="298" hits="5" branch="false"/>
            <line number="299" hits="5" branch="false"/>
            <line number="300" hits="5" branch="false"/>
            <line number="303" hits="6" branch="false"/>
            <line number="304" hits="4" branch="false"/>
            <line number="306" hits="6" branch="false"/>
            <line number="307" hits="6" branch="false"/>
            <line number="370" hits="19" branch="false"/>
            <line number="372" hits="19" branch="false"/>
            <line number="374" hits="19" branch="false"/>
            <line number="375" hits="19" branch="false"/>
            <line number="376" hits="4" branch="false"/>
            <line number="378" hits="4" branch="false"/>
            <line number="379" hits="0" branch="false"/>
            <line number="380" hits="2" branch="false"/>
            <line number="381" hits="2" branch="false"/>
            <line number="383" hits="0" branch="false"/>
            <line number="384" hits="0" branch="false"/>
            <line number="386" hits="0" branch="false"/>
            <line number="387" hits="0" branch="false"/>
            <line number="389" hits="0" branch="false"/>
            <line number="390" hits="0" branch="false"/>
            <line number="392" hits="0" branch="false"/>
            <line number="393" hits="0" branch="false"/>
            <line number="395" hits="0" branch="false"/>
            <line number="396" hits="0" branch="false"/>
            <line number="403" hits="3" branch="false"/>
            <line number="404" hits="3" branch="false"/>
            <line number="405" hits="3" branch="false"/>
            <line number="406" hits="3" branch="false"/>
            <line number="407" hits="3" branch="false"/>
            <line number="408" hits="3" branch="false"/>
            <line number="409" hits="3" branch="false"/>
            <line number="410" hits="3" branch="false"/>
            <line number="411" hits="3" branch="false"/>
            <line number="412" hits="3" branch="false"/>
            <line number="413" hits="3" branch="false"/>
            <line number="414" hits="3" branch="false"/>
            <line number="415" hits="3" branch="false"/>
            <line number="416" hits="3" branch="false"/>
            <line number="417" hits="3" branch="false"/>
            <line number="418" hits="3" branch="false"/>
            <line number="419" hits="3" branch="false"/>
            <line number="421" hits="3" branch="false"/>
            <line number="422" hits="0" branch="false"/>
            <line number="424" hits="3" branch="false"/>
            <line number="425" hits="3" branch="false"/>
            <line number="426" hits="3" branch="false"/>
            <line number="427" hits="3" branch="false"/>
            <line number="428" hits="3" branch="false"/>
            <line number="429" hits="3" branch="false"/>
            <line number="430" hits="0" branch="false"/>
            <line number="431" hits="0" branch="false"/>
            <line number="434" hits="3" branch="false"/>
            <line number="435" hits="3" branch="false"/>
            <line number="436" hits="3" branch="false"/>
            <line number="437" hits="3" branch="false"/>
            <line number="438" hits="3" branch="false"/>
            <line number="439" hits="3" branch="false"/>
            <line number="440" hits="3" branch="false"/>
            <line number="441" hits="3" branch="false"/>
            <line number="442" hits="3" branch="false"/>
            <line number="443" hits="3" branch="false"/>
            <line number="444" hits="3" branch="false"/>
            <line number="445" hits="3" branch="false"/>
            <line number="446" hits="3" branch="false"/>
            <line number="447" hits="3" branch="false"/>
            <line number="448" hits="3" branch="false"/>
            <line number="449" hits="3" branch="false"/>
            <line number="450" hits="3" branch="false"/>
            <line number="451" hits="3" branch="false"/>
            <line number="452" hits="3" branch="false"/>
            <line number="453" hits="3" branch="false"/>
            <line number="454" hits="3" branch="false"/>
            <line number="455" hits="1" branch="false"/>
            <line number="456" hits="1" branch="false"/>
            <line number="457" hits="1" branch="false"/>
            <line number="458" hits="1" branch="false"/>
            <line number="459" hits="1" branch="false"/>
            <line number="460" hits="1" branch="false"/>
            <line number="461" hits="1" branch="false"/>
            <line number="463" hits="3" branch="false"/>
            <line number="464" hits="3" branch="false"/>
            <line number="465" hits="3" branch="false"/>
            <line number="466" hits="3" branch="false"/>
            <line number="484" hits="0" branch="false"/>
            <line number="485" hits="0" branch="false"/>
            <line number="486" hits="0" branch="false"/>
            <line number="488" hits="0" branch="false"/>
            <line number="489" hits="0" branch="false"/>
            <line number="490" hits="0" branch="false"/>
            <line number="491" hits="0" branch="false"/>
            <line number="492" hits="0" branch="false"/>
            <line number="493" hits="0" branch="false"/>
            <line number="494" hits="0" branch="false"/>
            <line number="495" hits="0" branch="false"/>
            <line number="496" hits="0" branch="false"/>
            <line number="497" hits="0" branch="false"/>
            <line number="498" hits="0" branch="false"/>
            <line number="499" hits="0" branch="false"/>
            <line number="500" hits="0" branch="false"/>
            <line number="501" hits="0" branch="false"/>
            <line number="502" hits="0" branch="false"/>
            <line number="503" hits="0" branch="false"/>
            <line number="504" hits="0" branch="false"/>
            <line number="505" hits="0" branch="false"/>
            <line number="506" hits="0" branch="false"/>
            <line number="507" hits="0" branch="false"/>
            <line number="508" hits="0" branch="false"/>
            <line number="509" hits="0" branch="false"/>
            <line number="510" hits="0" branch="false"/>
            <line number="511" hits="0" branch="false"/>
            <line number="512" hits="0" branch="false"/>
            <line number="513" hits="0" branch="false"/>
            <line number="514" hits="0" branch="false"/>
            <line number="515" hits="0" branch="false"/>
            <line number="516" hits="0" branch="false"/>
            <line number="517" hits="0" branch="false"/>
            <line number="518" hits="0" branch="false"/>
            <line number="519" hits="0" branch="false"/>
            <line number="520" hits="0" branch="false"/>
            <line number="521" hits="0" branch="false"/>
            <line number="522" hits="0" branch="false"/>
            <line number="523" hits="0" branch="false"/>
            <line number="524" hits="0" branch="false"/>
            <line number="525" hits="0" branch="false"/>
            <line number="526" hits="0" branch="false"/>
            <line number="527" hits="0" branch="false"/>
            <line number="528" hits="0" branch="false"/>
            <line number="529" hits="0" branch="false"/>
            <line number="530" hits="0" branch="false"/>
            <line number="531" hits="0" branch="false"/>
            <line number="532" hits="0" branch="false"/>
            <line number="533" hits="0" branch="false"/>
            <line number="534" hits="0" branch="false"/>
            <line number="535" hits="0" branch="false"/>
            <line number="536" hits="0" branch="false"/>
            <line number="537" hits="0" branch="false"/>
            <line number="538" hits="0" branch="false"/>
            <line number="539" hits="0" branch="false"/>
            <line number="541" hits="0" branch="false"/>
            <line number="542" hits="0" branch="false"/>
            <line number="543" hits="0" branch="false"/>
            <line number="544" hits="0" branch="false"/>
            <line number="545" hits="0" branch="false"/>
            <line number="546" hits="0" branch="false"/>
            <line number="547" hits="0" branch="false"/>
            <line number="548" hits="0" branch="false"/>
            <line number="549" hits="0" branch="false"/>
            <line number="550" hits="0" branch="false"/>
            <line number="551" hits="0" branch="false"/>
            <line number="552" hits="0" branch="false"/>
            <line number="553" hits="0" branch="false"/>
            <line number="554" hits="0" branch="false"/>
            <line number="555" hits="0" branch="false"/>
            <line number="556" hits="0" branch="false"/>
            <line number="557" hits="0" branch="false"/>
            <line number="558" hits="0" branch="false"/>
            <line number="559" hits="0" branch="false"/>
            <line number="560" hits="0" branch="false"/>
            <line number="561" hits="0" branch="false"/>
            <line number="562" hits="0" branch="false"/>
            <line number="563" hits="0" branch="false"/>
            <line number="564" hits="0" branch="false"/>
            <line number="565" hits="0" branch="false"/>
            <line number="566" hits="0" branch="false"/>
            <line number="567" hits="0" branch="false"/>
            <line number="568" hits="0" branch="false"/>
            <line number="569" hits="0" branch="false"/>
            <line number="570" hits="0" branch="false"/>
            <line number="571" hits="0" branch="false"/>
            <line number="572" hits="0" branch="false"/>
            <line number="573" hits="0" branch="false"/>
            <line number="574" hits="0" branch="false"/>
            <line number="575" hits="0" branch="false"/>
            <line number="576" hits="0" branch="false"/>
            <line number="577" hits="0" branch="false"/>
            <line number="578" hits="0" branch="false"/>
            <line number="579" hits="0" branch="false"/>
            <line number="580" hits="0" branch="false"/>
            <line number="581" hits="0" branch="false"/>
            <line number="582" hits="0" branch="false"/>
            <line number="583" hits="0" branch="false"/>
            <line number="584" hits="0" branch="false"/>
            <line number="585" hits="0" branch="false"/>
            <line number="586" hits="0" branch="false"/>
            <line number="588" hits="0" branch="false"/>
            <line number="589" hits="0" branch="false"/>
            <line number="590" hits="0" branch="false"/>
            <line number="591" hits="0" branch="false"/>
            <line number="592" hits="0" branch="false"/>
            <line number="593" hits="0" branch="false"/>
            <line number="594" hits="0" branch="false"/>
            <line number="595" hits="0" branch="false"/>
            <line number="596" hits="0" branch="false"/>
            <line number="597" hits="0" branch="false"/>
            <line number="598" hits="0" branch="false"/>
            <line number="599" hits="0" branch="false"/>
            <line number="600" hits="0" branch="false"/>
            <line number="601" hits="0" branch="false"/>
            <line number="602" hits="0" branch="false"/>
            <line number="603" hits="0" branch="false"/>
          </lines>
        </class>
        <class name="functions.cpp" filename="src/functions.cpp" line-rate="1" branch-rate="0" complexity="0">
          <methods/>
          <lines>
            <line number="13" hits="6971300" branch="false"/>
            <line number="17" hits="6971300" branch="false"/>
            <line number="18" hits="6971300" branch="false"/>
            <line number="20" hits="6971300" branch="false"/>
            <line number="21" hits="6971300" branch="false"/>
            <line number="22" hits="60590192" branch="false"/>
            <line number="25" hits="53618892" branch="false"/>
            <line number="27" hits="6971300" branch="false"/>
            <line number="32" hits="43261916" branch="false"/>
            <line number="36" hits="43261916" branch="false"/>
            <line number="37" hits="43261916" branch="false"/>
            <line number="39" hits="43261916" branch="false"/>
            <line number="40" hits="43261916" branch="false"/>
            <line number="41" hits="342325800" branch="false"/>
            <line number="42" hits="299063884" branch="false"/>
            <line number="44" hits="43261916" branch="false"/>
            <line number="48" hits="10" branch="false"/>
            <line number="49" hits="30" branch="false"/>
            <line number="50" hits="30" branch="false"/>
            <line number="51" hits="30" branch="false"/>
            <line number="52" hits="30" branch="false"/>
            <line number="53" hits="30" branch="false"/>
            <line number="54" hits="30" branch="false"/>
            <line number="55" hits="30" branch="false"/>
            <line number="56" hits="30" branch="false"/>
            <line number="58" hits="10" branch="false"/>
            <line number="59" hits="20" branch="false"/>
            <line number="60" hits="20" branch="false"/>
            <line number="61" hits="20" branch="false"/>
            <line number="62" hits="20" branch="false"/>
            <line number="63" hits="20" branch="false"/>
            <line number="64" hits="20" branch="false"/>
            <line number="66" hits="10" branch="false"/>
            <line number="68" hits="25116618" branch="false"/>
            <line number="69" hits="25116608" branch="false"/>
            <line number="70" hits="25116608" branch="false"/>
            <line number="72" hits="10" branch="false"/>
            <line number="74" hits="12" branch="false"/>
            <line number="75" hits="21630964" branch="false"/>
            <line number="76" hits="21630958" branch="false"/>
            <line number="77" hits="21630958" branch="false"/>
            <line number="79" hits="21630958" branch="false"/>
            <line number="80" hits="21630958" branch="false"/>
            <line number="81" hits="21630958" branch="false"/>
            <line number="82" hits="21630958" branch="false"/>
            <line number="83" hits="21630958" branch="false"/>
            <line number="84" hits="21630958" branch="false"/>
            <line number="86" hits="12" branch="false"/>
            <line number="87" hits="12" branch="false"/>
            <line number="88" hits="12" branch="false"/>
            <line number="89" hits="12" branch="false"/>
            <line number="90" hits="12" branch="false"/>
            <line number="91" hits="12" branch="false"/>
            <line number="92" hits="12" branch="false"/>
            <line number="93" hits="12" branch="false"/>
            <line number="94" hits="12" branch="false"/>
            <line number="95" hits="12" branch="false"/>
            <line number="96" hits="12" branch="false"/>
            <line number="97" hits="12" branch="false"/>
            <line number="98" hits="12" branch="false"/>
            <line number="99" hits="12" branch="false"/>
            <line number="100" hits="18" branch="false"/>
            <line number="103" hits="3485654" branch="false"/>
            <line number="104" hits="3485650" branch="false"/>
            <line number="105" hits="3485650" branch="false"/>
            <line number="106" hits="3485650" branch="false"/>
            <line number="107" hits="3485650" branch="false"/>
            <line number="108" hits="3485650" branch="false"/>
            <line number="109" hits="3485650" branch="false"/>
            <line number="110" hits="3485650" branch="false"/>
            <line number="111" hits="3485650" branch="false"/>
            <line number="113" hits="8" branch="false"/>
            <line number="114" hits="8" branch="false"/>
            <line number="115" hits="8" branch="false"/>
            <line number="116" hits="8" branch="false"/>
            <line number="117" hits="8" branch="false"/>
            <line number="118" hits="8" branch="false"/>
            <line number="119" hits="8" branch="false"/>
            <line number="120" hits="8" branch="false"/>
            <line number="121" hits="8" branch="false"/>
            <line number="122" hits="8" branch="false"/>
            <line number="123" hits="8" branch="false"/>
            <line number="124" hits="8" branch="false"/>
            <line number="125" hits="8" branch="false"/>
            <line number="126" hits="12" branch="false"/>
            <line number="128" hits="20" branch="false"/>
          </lines>
        </class>
      </classes>
    </package>
  </packages>
</coverage>
