<?xml version="1.0" encoding="UTF-8"?>
<!DOCTYPE coverage SYSTEM "https://raw.githubusercontent.com/cobertura/cobertura/master/cobertura/src/site/htdocs/xml/coverage-04.dtd">
<coverage line-rate="0.955128205128205" branch-rate="0" lines-covered="447" lines-valid="468" branches-covered="0" branches-valid="0" complexity="0" version="3.6.4" timestamp="2024-11-01 08:52:44.989379">
  <sources>
    <source>/__w/mtdesign/mtdesign/mtdesign</source>
  </sources>
  <packages>
    <package name="mtdesign" line-rate="0.955128205128205" branch-rate="0" complexity="0">
      <classes>
        <class name="functions.R" filename="R/functions.R" line-rate="0.944736842105263" branch-rate="0" complexity="0">
          <methods>
            <method name=".onLoad" signature="" line-rate="0" branch-rate="0" complexity="0">
              <lines>
                <line number="5" hits="0" branch="false"/>
                <line number="6" hits="0" branch="false"/>
                <line number="7" hits="0" branch="false"/>
              </lines>
            </method>
            <method name=".onUnload" signature="" line-rate="0" branch-rate="0" complexity="0">
              <lines>
                <line number="11" hits="0" branch="false"/>
              </lines>
            </method>
            <method name="isBasicGrid" signature="" line-rate="1" branch-rate="0" complexity="0">
              <lines>
                <line number="15" hits="71" branch="false"/>
                <line number="16" hits="71" branch="false"/>
                <line number="17" hits="1" branch="false"/>
                <line number="19" hits="70" branch="false"/>
                <line number="20" hits="70" branch="false"/>
                <line number="21" hits="70" branch="false"/>
                <line number="22" hits="70" branch="false"/>
              </lines>
            </method>
            <method name="isManderGrid" signature="" line-rate="1" branch-rate="0" complexity="0">
              <lines>
                <line number="26" hits="37" branch="false"/>
                <line number="27" hits="37" branch="false"/>
                <line number="28" hits="37" branch="false"/>
                <line number="29" hits="37" branch="false"/>
                <line number="30" hits="37" branch="false"/>
              </lines>
            </method>
            <method name="isAugmented" signature="" line-rate="1" branch-rate="0" complexity="0">
              <lines>
                <line number="34" hits="18" branch="false"/>
                <line number="35" hits="18" branch="false"/>
                <line number="36" hits="1" branch="false"/>
                <line number="38" hits="17" branch="false"/>
                <line number="39" hits="17" branch="false"/>
                <line number="40" hits="17" branch="false"/>
                <line number="41" hits="17" branch="false"/>
                <line number="42" hits="17" branch="false"/>
                <line number="43" hits="17" branch="false"/>
                <line number="44" hits="17" branch="false"/>
              </lines>
            </method>
            <method name="createGrid" signature="" line-rate="0.988888888888889" branch-rate="0" complexity="0">
              <lines>
                <line number="76" hits="33" branch="false"/>
                <line number="78" hits="1" branch="false"/>
                <line number="79" hits="1" branch="false"/>
                <line number="80" hits="3" branch="false"/>
                <line number="81" hits="2" branch="false"/>
                <line number="82" hits="2" branch="false"/>
                <line number="83" hits="1" branch="false"/>
                <line number="84" hits="21" branch="false"/>
                <line number="85" hits="18" branch="false"/>
                <line number="86" hits="2" branch="false"/>
                <line number="89" hits="18" branch="false"/>
                <line number="90" hits="14" branch="false"/>
                <line number="91" hits="0" branch="false"/>
                <line number="94" hits="17" branch="false"/>
                <line number="95" hits="1" branch="false"/>
                <line number="97" hits="16" branch="false"/>
                <line number="98" hits="1" branch="false"/>
                <line number="102" hits="2" branch="false"/>
                <line number="103" hits="15" branch="false"/>
                <line number="104" hits="15" branch="false"/>
                <line number="105" hits="14" branch="false"/>
                <line number="106" hits="14" branch="false"/>
                <line number="108" hits="15" branch="false"/>
                <line number="109" hits="14" branch="false"/>
                <line number="110" hits="14" branch="false"/>
                <line number="112" hits="15" branch="false"/>
                <line number="113" hits="15" branch="false"/>
                <line number="114" hits="15" branch="false"/>
                <line number="115" hits="15" branch="false"/>
                <line number="116" hits="15" branch="false"/>
                <line number="117" hits="15" branch="false"/>
                <line number="118" hits="15" branch="false"/>
                <line number="119" hits="15" branch="false"/>
                <line number="120" hits="15" branch="false"/>
                <line number="121" hits="15" branch="false"/>
                <line number="122" hits="15" branch="false"/>
                <line number="123" hits="6" branch="false"/>
                <line number="126" hits="9" branch="false"/>
                <line number="127" hits="9" branch="false"/>
                <line number="128" hits="9" branch="false"/>
                <line number="129" hits="9" branch="false"/>
                <line number="130" hits="9" branch="false"/>
                <line number="131" hits="5" branch="false"/>
                <line number="133" hits="4" branch="false"/>
                <line number="140" hits="9" branch="false"/>
                <line number="141" hits="9" branch="false"/>
                <line number="142" hits="9" branch="false"/>
                <line number="144" hits="9" branch="false"/>
                <line number="145" hits="9" branch="false"/>
                <line number="146" hits="9" branch="false"/>
                <line number="148" hits="9" branch="false"/>
                <line number="149" hits="9" branch="false"/>
                <line number="150" hits="9" branch="false"/>
                <line number="151" hits="9" branch="false"/>
                <line number="152" hits="9" branch="false"/>
                <line number="153" hits="9" branch="false"/>
                <line number="154" hits="9" branch="false"/>
                <line number="155" hits="9" branch="false"/>
                <line number="156" hits="9" branch="false"/>
                <line number="157" hits="9" branch="false"/>
                <line number="158" hits="9" branch="false"/>
                <line number="159" hits="9" branch="false"/>
                <line number="160" hits="9" branch="false"/>
                <line number="162" hits="9" branch="false"/>
                <line number="164" hits="9" branch="false"/>
                <line number="165" hits="5" branch="false"/>
                <line number="166" hits="5" branch="false"/>
                <line number="167" hits="5" branch="false"/>
                <line number="168" hits="5" branch="false"/>
                <line number="169" hits="5" branch="false"/>
                <line number="170" hits="5" branch="false"/>
                <line number="171" hits="5" branch="false"/>
                <line number="172" hits="5" branch="false"/>
                <line number="173" hits="5" branch="false"/>
                <line number="174" hits="5" branch="false"/>
                <line number="175" hits="5" branch="false"/>
                <line number="176" hits="5" branch="false"/>
                <line number="177" hits="5" branch="false"/>
                <line number="179" hits="9" branch="false"/>
                <line number="180" hits="9" branch="false"/>
                <line number="181" hits="9" branch="false"/>
                <line number="182" hits="9" branch="false"/>
                <line number="183" hits="9" branch="false"/>
                <line number="184" hits="9" branch="false"/>
                <line number="185" hits="9" branch="false"/>
                <line number="186" hits="9" branch="false"/>
                <line number="187" hits="4" branch="false"/>
                <line number="189" hits="9" branch="false"/>
                <line number="190" hits="9" branch="false"/>
                <line number="191" hits="9" branch="false"/>
              </lines>
            </method>
            <method name="searchBounds" signature="" line-rate="1" branch-rate="0" complexity="0">
              <lines>
                <line number="208" hits="17" branch="false"/>
                <line number="210" hits="1" branch="false"/>
                <line number="215" hits="17" branch="false"/>
                <line number="216" hits="17" branch="false"/>
                <line number="217" hits="17" branch="false"/>
                <line number="220" hits="17" branch="false"/>
                <line number="222" hits="17" branch="false"/>
                <line number="223" hits="17" branch="false"/>
                <line number="224" hits="17" branch="false"/>
              </lines>
            </method>
            <method name="augmentGrid" signature="" line-rate="0.948275862068966" branch-rate="0" complexity="0">
              <lines>
                <line number="246" hits="8" branch="false"/>
                <line number="247" hits="8" branch="false"/>
                <line number="248" hits="8" branch="false"/>
                <line number="249" hits="3" branch="false"/>
                <line number="250" hits="2" branch="false"/>
                <line number="251" hits="2" branch="false"/>
                <line number="252" hits="2" branch="false"/>
                <line number="253" hits="2" branch="false"/>
                <line number="254" hits="2" branch="false"/>
                <line number="255" hits="2" branch="false"/>
                <line number="256" hits="2" branch="false"/>
                <line number="257" hits="2" branch="false"/>
                <line number="258" hits="2" branch="false"/>
                <line number="261" hits="8" branch="false"/>
                <line number="262" hits="1" branch="false"/>
                <line number="263" hits="0" branch="false"/>
                <line number="265" hits="1" branch="false"/>
                <line number="266" hits="0" branch="false"/>
                <line number="268" hits="1" branch="false"/>
                <line number="269" hits="1" branch="false"/>
                <line number="270" hits="1" branch="false"/>
                <line number="271" hits="1" branch="false"/>
                <line number="272" hits="1" branch="false"/>
                <line number="273" hits="1" branch="false"/>
                <line number="274" hits="1" branch="false"/>
                <line number="275" hits="1" branch="false"/>
                <line number="276" hits="1" branch="false"/>
                <line number="277" hits="1" branch="false"/>
                <line number="278" hits="1" branch="false"/>
                <line number="279" hits="1" branch="false"/>
                <line number="280" hits="1" branch="false"/>
                <line number="281" hits="0" branch="false"/>
                <line number="282" hits="1" branch="false"/>
                <line number="283" hits="1" branch="false"/>
                <line number="284" hits="1" branch="false"/>
                <line number="285" hits="1" branch="false"/>
                <line number="286" hits="1" branch="false"/>
                <line number="287" hits="1" branch="false"/>
                <line number="288" hits="1" branch="false"/>
                <line number="289" hits="1" branch="false"/>
                <line number="290" hits="1" branch="false"/>
                <line number="291" hits="1" branch="false"/>
                <line number="292" hits="1" branch="false"/>
                <line number="294" hits="7" branch="false"/>
                <line number="295" hits="3" branch="false"/>
                <line number="296" hits="3" branch="false"/>
                <line number="297" hits="3" branch="false"/>
                <line number="298" hits="3" branch="false"/>
                <line number="299" hits="3" branch="false"/>
                <line number="300" hits="3" branch="false"/>
                <line number="301" hits="3" branch="false"/>
                <line number="305" hits="7" branch="false"/>
                <line number="306" hits="7" branch="false"/>
                <line number="307" hits="7" branch="false"/>
                <line number="310" hits="8" branch="false"/>
                <line number="311" hits="5" branch="false"/>
                <line number="313" hits="8" branch="false"/>
                <line number="314" hits="8" branch="false"/>
              </lines>
            </method>
            <method name="obtainDesign" signature="" line-rate="0.848101265822785" branch-rate="0" complexity="0">
              <lines>
                <line number="377" hits="22" branch="false"/>
                <line number="379" hits="22" branch="false"/>
                <line number="381" hits="22" branch="false"/>
                <line number="382" hits="21" branch="false"/>
                <line number="383" hits="4" branch="false"/>
                <line number="385" hits="4" branch="false"/>
                <line number="386" hits="0" branch="false"/>
                <line number="387" hits="2" branch="false"/>
                <line number="388" hits="2" branch="false"/>
                <line number="390" hits="1" branch="false"/>
                <line number="391" hits="1" branch="false"/>
                <line number="393" hits="0" branch="false"/>
                <line number="394" hits="0" branch="false"/>
                <line number="396" hits="0" branch="false"/>
                <line number="397" hits="0" branch="false"/>
                <line number="399" hits="0" branch="false"/>
                <line number="400" hits="0" branch="false"/>
                <line number="402" hits="0" branch="false"/>
                <line number="403" hits="0" branch="false"/>
                <line number="410" hits="5" branch="false"/>
                <line number="411" hits="5" branch="false"/>
                <line number="412" hits="5" branch="false"/>
                <line number="413" hits="5" branch="false"/>
                <line number="414" hits="5" branch="false"/>
                <line number="415" hits="5" branch="false"/>
                <line number="416" hits="5" branch="false"/>
                <line number="417" hits="5" branch="false"/>
                <line number="418" hits="5" branch="false"/>
                <line number="420" hits="5" branch="false"/>
                <line number="421" hits="5" branch="false"/>
                <line number="422" hits="5" branch="false"/>
                <line number="423" hits="5" branch="false"/>
                <line number="424" hits="5" branch="false"/>
                <line number="425" hits="5" branch="false"/>
                <line number="426" hits="5" branch="false"/>
                <line number="427" hits="5" branch="false"/>
                <line number="428" hits="5" branch="false"/>
                <line number="430" hits="5" branch="false"/>
                <line number="431" hits="0" branch="false"/>
                <line number="433" hits="5" branch="false"/>
                <line number="434" hits="5" branch="false"/>
                <line number="435" hits="5" branch="false"/>
                <line number="436" hits="5" branch="false"/>
                <line number="437" hits="5" branch="false"/>
                <line number="438" hits="5" branch="false"/>
                <line number="439" hits="0" branch="false"/>
                <line number="440" hits="0" branch="false"/>
                <line number="443" hits="5" branch="false"/>
                <line number="444" hits="5" branch="false"/>
                <line number="445" hits="5" branch="false"/>
                <line number="446" hits="5" branch="false"/>
                <line number="447" hits="5" branch="false"/>
                <line number="448" hits="5" branch="false"/>
                <line number="449" hits="5" branch="false"/>
                <line number="450" hits="5" branch="false"/>
                <line number="451" hits="5" branch="false"/>
                <line number="452" hits="5" branch="false"/>
                <line number="453" hits="5" branch="false"/>
                <line number="454" hits="5" branch="false"/>
                <line number="455" hits="5" branch="false"/>
                <line number="456" hits="5" branch="false"/>
                <line number="457" hits="5" branch="false"/>
                <line number="458" hits="5" branch="false"/>
                <line number="459" hits="5" branch="false"/>
                <line number="460" hits="5" branch="false"/>
                <line number="461" hits="5" branch="false"/>
                <line number="462" hits="5" branch="false"/>
                <line number="463" hits="5" branch="false"/>
                <line number="464" hits="2" branch="false"/>
                <line number="465" hits="2" branch="false"/>
                <line number="466" hits="2" branch="false"/>
                <line number="467" hits="2" branch="false"/>
                <line number="468" hits="2" branch="false"/>
                <line number="469" hits="2" branch="false"/>
                <line number="470" hits="2" branch="false"/>
                <line number="472" hits="5" branch="false"/>
                <line number="473" hits="5" branch="false"/>
                <line number="474" hits="5" branch="false"/>
                <line number="475" hits="5" branch="false"/>
              </lines>
            </method>
            <method name="powerPlot" signature="" line-rate="0.991525423728814" branch-rate="0" complexity="0">
              <lines>
                <line number="493" hits="4" branch="false"/>
                <line number="494" hits="0" branch="false"/>
                <line number="495" hits="2" branch="false"/>
                <line number="497" hits="2" branch="false"/>
                <line number="498" hits="1" branch="false"/>
                <line number="499" hits="1" branch="false"/>
                <line number="500" hits="1" branch="false"/>
                <line number="501" hits="1" branch="false"/>
                <line number="502" hits="1" branch="false"/>
                <line number="503" hits="1" branch="false"/>
                <line number="504" hits="1" branch="false"/>
                <line number="505" hits="1" branch="false"/>
                <line number="506" hits="1" branch="false"/>
                <line number="507" hits="1" branch="false"/>
                <line number="508" hits="1" branch="false"/>
                <line number="509" hits="1" branch="false"/>
                <line number="510" hits="1" branch="false"/>
                <line number="511" hits="1" branch="false"/>
                <line number="512" hits="1" branch="false"/>
                <line number="513" hits="1" branch="false"/>
                <line number="514" hits="1" branch="false"/>
                <line number="515" hits="1" branch="false"/>
                <line number="516" hits="1" branch="false"/>
                <line number="517" hits="1" branch="false"/>
                <line number="518" hits="1" branch="false"/>
                <line number="519" hits="1" branch="false"/>
                <line number="520" hits="1" branch="false"/>
                <line number="521" hits="1" branch="false"/>
                <line number="522" hits="1" branch="false"/>
                <line number="523" hits="1" branch="false"/>
                <line number="524" hits="1" branch="false"/>
                <line number="525" hits="1" branch="false"/>
                <line number="526" hits="1" branch="false"/>
                <line number="527" hits="1" branch="false"/>
                <line number="528" hits="1" branch="false"/>
                <line number="529" hits="1" branch="false"/>
                <line number="530" hits="1" branch="false"/>
                <line number="531" hits="1" branch="false"/>
                <line number="532" hits="1" branch="false"/>
                <line number="533" hits="1" branch="false"/>
                <line number="534" hits="1" branch="false"/>
                <line number="535" hits="1" branch="false"/>
                <line number="536" hits="1" branch="false"/>
                <line number="537" hits="1" branch="false"/>
                <line number="538" hits="1" branch="false"/>
                <line number="539" hits="1" branch="false"/>
                <line number="540" hits="1" branch="false"/>
                <line number="541" hits="1" branch="false"/>
                <line number="542" hits="1" branch="false"/>
                <line number="543" hits="1" branch="false"/>
                <line number="544" hits="1" branch="false"/>
                <line number="545" hits="1" branch="false"/>
                <line number="546" hits="1" branch="false"/>
                <line number="547" hits="1" branch="false"/>
                <line number="548" hits="1" branch="false"/>
                <line number="550" hits="1" branch="false"/>
                <line number="551" hits="1" branch="false"/>
                <line number="552" hits="1" branch="false"/>
                <line number="553" hits="1" branch="false"/>
                <line number="554" hits="1" branch="false"/>
                <line number="555" hits="1" branch="false"/>
                <line number="556" hits="1" branch="false"/>
                <line number="557" hits="1" branch="false"/>
                <line number="558" hits="1" branch="false"/>
                <line number="559" hits="1" branch="false"/>
                <line number="560" hits="1" branch="false"/>
                <line number="561" hits="1" branch="false"/>
                <line number="562" hits="1" branch="false"/>
                <line number="563" hits="1" branch="false"/>
                <line number="564" hits="1" branch="false"/>
                <line number="565" hits="1" branch="false"/>
                <line number="566" hits="1" branch="false"/>
                <line number="567" hits="1" branch="false"/>
                <line number="568" hits="1" branch="false"/>
                <line number="569" hits="1" branch="false"/>
                <line number="570" hits="1" branch="false"/>
                <line number="571" hits="1" branch="false"/>
                <line number="572" hits="1" branch="false"/>
                <line number="573" hits="1" branch="false"/>
                <line number="574" hits="1" branch="false"/>
                <line number="575" hits="1" branch="false"/>
                <line number="576" hits="1" branch="false"/>
                <line number="577" hits="1" branch="false"/>
                <line number="578" hits="1" branch="false"/>
                <line number="579" hits="1" branch="false"/>
                <line number="580" hits="1" branch="false"/>
                <line number="581" hits="1" branch="false"/>
                <line number="582" hits="1" branch="false"/>
                <line number="583" hits="1" branch="false"/>
                <line number="584" hits="1" branch="false"/>
                <line number="585" hits="1" branch="false"/>
                <line number="586" hits="1" branch="false"/>
                <line number="587" hits="1" branch="false"/>
                <line number="588" hits="1" branch="false"/>
                <line number="589" hits="1" branch="false"/>
                <line number="590" hits="1" branch="false"/>
                <line number="591" hits="1" branch="false"/>
                <line number="592" hits="1" branch="false"/>
                <line number="593" hits="1" branch="false"/>
                <line number="594" hits="1" branch="false"/>
                <line number="595" hits="1" branch="false"/>
                <line number="597" hits="2" branch="false"/>
                <line number="598" hits="2" branch="false"/>
                <line number="599" hits="2" branch="false"/>
                <line number="600" hits="2" branch="false"/>
                <line number="601" hits="2" branch="false"/>
                <line number="602" hits="2" branch="false"/>
                <line number="603" hits="2" branch="false"/>
                <line number="604" hits="2" branch="false"/>
                <line number="605" hits="2" branch="false"/>
                <line number="606" hits="2" branch="false"/>
                <line number="607" hits="2" branch="false"/>
                <line number="608" hits="2" branch="false"/>
                <line number="609" hits="2" branch="false"/>
                <line number="610" hits="2" branch="false"/>
                <line number="611" hits="2" branch="false"/>
                <line number="612" hits="2" branch="false"/>
                <line number="613" hits="2" branch="false"/>
              </lines>
            </method>
          </methods>
          <lines>
            <line number="5" hits="0" branch="false"/>
            <line number="6" hits="0" branch="false"/>
            <line number="7" hits="0" branch="false"/>
            <line number="11" hits="0" branch="false"/>
            <line number="15" hits="71" branch="false"/>
            <line number="16" hits="71" branch="false"/>
            <line number="17" hits="1" branch="false"/>
            <line number="19" hits="70" branch="false"/>
            <line number="20" hits="70" branch="false"/>
            <line number="21" hits="70" branch="false"/>
            <line number="22" hits="70" branch="false"/>
            <line number="26" hits="37" branch="false"/>
            <line number="27" hits="37" branch="false"/>
            <line number="28" hits="37" branch="false"/>
            <line number="29" hits="37" branch="false"/>
            <line number="30" hits="37" branch="false"/>
            <line number="34" hits="18" branch="false"/>
            <line number="35" hits="18" branch="false"/>
            <line number="36" hits="1" branch="false"/>
            <line number="38" hits="17" branch="false"/>
            <line number="39" hits="17" branch="false"/>
            <line number="40" hits="17" branch="false"/>
            <line number="41" hits="17" branch="false"/>
            <line number="42" hits="17" branch="false"/>
            <line number="43" hits="17" branch="false"/>
            <line number="44" hits="17" branch="false"/>
            <line number="76" hits="33" branch="false"/>
            <line number="78" hits="1" branch="false"/>
            <line number="79" hits="1" branch="false"/>
            <line number="80" hits="3" branch="false"/>
            <line number="81" hits="2" branch="false"/>
            <line number="82" hits="2" branch="false"/>
            <line number="83" hits="1" branch="false"/>
            <line number="84" hits="21" branch="false"/>
            <line number="85" hits="18" branch="false"/>
            <line number="86" hits="2" branch="false"/>
            <line number="89" hits="18" branch="false"/>
            <line number="90" hits="14" branch="false"/>
            <line number="91" hits="0" branch="false"/>
            <line number="94" hits="17" branch="false"/>
            <line number="95" hits="1" branch="false"/>
            <line number="97" hits="16" branch="false"/>
            <line number="98" hits="1" branch="false"/>
            <line number="102" hits="2" branch="false"/>
            <line number="103" hits="15" branch="false"/>
            <line number="104" hits="15" branch="false"/>
            <line number="105" hits="14" branch="false"/>
            <line number="106" hits="14" branch="false"/>
            <line number="108" hits="15" branch="false"/>
            <line number="109" hits="14" branch="false"/>
            <line number="110" hits="14" branch="false"/>
            <line number="112" hits="15" branch="false"/>
            <line number="113" hits="15" branch="false"/>
            <line number="114" hits="15" branch="false"/>
            <line number="115" hits="15" branch="false"/>
            <line number="116" hits="15" branch="false"/>
            <line number="117" hits="15" branch="false"/>
            <line number="118" hits="15" branch="false"/>
            <line number="119" hits="15" branch="false"/>
            <line number="120" hits="15" branch="false"/>
            <line number="121" hits="15" branch="false"/>
            <line number="122" hits="15" branch="false"/>
            <line number="123" hits="6" branch="false"/>
            <line number="126" hits="9" branch="false"/>
            <line number="127" hits="9" branch="false"/>
            <line number="128" hits="9" branch="false"/>
            <line number="129" hits="9" branch="false"/>
            <line number="130" hits="9" branch="false"/>
            <line number="131" hits="5" branch="false"/>
            <line number="133" hits="4" branch="false"/>
            <line number="140" hits="9" branch="false"/>
            <line number="141" hits="9" branch="false"/>
            <line number="142" hits="9" branch="false"/>
            <line number="144" hits="9" branch="false"/>
            <line number="145" hits="9" branch="false"/>
            <line number="146" hits="9" branch="false"/>
            <line number="148" hits="9" branch="false"/>
            <line number="149" hits="9" branch="false"/>
            <line number="150" hits="9" branch="false"/>
            <line number="151" hits="9" branch="false"/>
            <line number="152" hits="9" branch="false"/>
            <line number="153" hits="9" branch="false"/>
            <line number="154" hits="9" branch="false"/>
            <line number="155" hits="9" branch="false"/>
            <line number="156" hits="9" branch="false"/>
            <line number="157" hits="9" branch="false"/>
            <line number="158" hits="9" branch="false"/>
            <line number="159" hits="9" branch="false"/>
            <line number="160" hits="9" branch="false"/>
            <line number="162" hits="9" branch="false"/>
            <line number="164" hits="9" branch="false"/>
            <line number="165" hits="5" branch="false"/>
            <line number="166" hits="5" branch="false"/>
            <line number="167" hits="5" branch="false"/>
            <line number="168" hits="5" branch="false"/>
            <line number="169" hits="5" branch="false"/>
            <line number="170" hits="5" branch="false"/>
            <line number="171" hits="5" branch="false"/>
            <line number="172" hits="5" branch="false"/>
            <line number="173" hits="5" branch="false"/>
            <line number="174" hits="5" branch="false"/>
            <line number="175" hits="5" branch="false"/>
            <line number="176" hits="5" branch="false"/>
            <line number="177" hits="5" branch="false"/>
            <line number="179" hits="9" branch="false"/>
            <line number="180" hits="9" branch="false"/>
            <line number="181" hits="9" branch="false"/>
            <line number="182" hits="9" branch="false"/>
            <line number="183" hits="9" branch="false"/>
            <line number="184" hits="9" branch="false"/>
            <line number="185" hits="9" branch="false"/>
            <line number="186" hits="9" branch="false"/>
            <line number="187" hits="4" branch="false"/>
            <line number="189" hits="9" branch="false"/>
            <line number="190" hits="9" branch="false"/>
            <line number="191" hits="9" branch="false"/>
            <line number="208" hits="17" branch="false"/>
            <line number="210" hits="1" branch="false"/>
            <line number="215" hits="17" branch="false"/>
            <line number="216" hits="17" branch="false"/>
            <line number="217" hits="17" branch="false"/>
            <line number="220" hits="17" branch="false"/>
            <line number="222" hits="17" branch="false"/>
            <line number="223" hits="17" branch="false"/>
            <line number="224" hits="17" branch="false"/>
            <line number="246" hits="8" branch="false"/>
            <line number="247" hits="8" branch="false"/>
            <line number="248" hits="8" branch="false"/>
            <line number="249" hits="3" branch="false"/>
            <line number="250" hits="2" branch="false"/>
            <line number="251" hits="2" branch="false"/>
            <line number="252" hits="2" branch="false"/>
            <line number="253" hits="2" branch="false"/>
            <line number="254" hits="2" branch="false"/>
            <line number="255" hits="2" branch="false"/>
            <line number="256" hits="2" branch="false"/>
            <line number="257" hits="2" branch="false"/>
            <line number="258" hits="2" branch="false"/>
            <line number="261" hits="8" branch="false"/>
            <line number="262" hits="1" branch="false"/>
            <line number="263" hits="0" branch="false"/>
            <line number="265" hits="1" branch="false"/>
            <line number="266" hits="0" branch="false"/>
            <line number="268" hits="1" branch="false"/>
            <line number="269" hits="1" branch="false"/>
            <line number="270" hits="1" branch="false"/>
            <line number="271" hits="1" branch="false"/>
            <line number="272" hits="1" branch="false"/>
            <line number="273" hits="1" branch="false"/>
            <line number="274" hits="1" branch="false"/>
            <line number="275" hits="1" branch="false"/>
            <line number="276" hits="1" branch="false"/>
            <line number="277" hits="1" branch="false"/>
            <line number="278" hits="1" branch="false"/>
            <line number="279" hits="1" branch="false"/>
            <line number="280" hits="1" branch="false"/>
            <line number="281" hits="0" branch="false"/>
            <line number="282" hits="1" branch="false"/>
            <line number="283" hits="1" branch="false"/>
            <line number="284" hits="1" branch="false"/>
            <line number="285" hits="1" branch="false"/>
            <line number="286" hits="1" branch="false"/>
            <line number="287" hits="1" branch="false"/>
            <line number="288" hits="1" branch="false"/>
            <line number="289" hits="1" branch="false"/>
            <line number="290" hits="1" branch="false"/>
            <line number="291" hits="1" branch="false"/>
            <line number="292" hits="1" branch="false"/>
            <line number="294" hits="7" branch="false"/>
            <line number="295" hits="3" branch="false"/>
            <line number="296" hits="3" branch="false"/>
            <line number="297" hits="3" branch="false"/>
            <line number="298" hits="3" branch="false"/>
            <line number="299" hits="3" branch="false"/>
            <line number="300" hits="3" branch="false"/>
            <line number="301" hits="3" branch="false"/>
            <line number="305" hits="7" branch="false"/>
            <line number="306" hits="7" branch="false"/>
            <line number="307" hits="7" branch="false"/>
            <line number="310" hits="8" branch="false"/>
            <line number="311" hits="5" branch="false"/>
            <line number="313" hits="8" branch="false"/>
            <line number="314" hits="8" branch="false"/>
            <line number="377" hits="22" branch="false"/>
            <line number="379" hits="22" branch="false"/>
            <line number="381" hits="22" branch="false"/>
            <line number="382" hits="21" branch="false"/>
            <line number="383" hits="4" branch="false"/>
            <line number="385" hits="4" branch="false"/>
            <line number="386" hits="0" branch="false"/>
            <line number="387" hits="2" branch="false"/>
            <line number="388" hits="2" branch="false"/>
            <line number="390" hits="1" branch="false"/>
            <line number="391" hits="1" branch="false"/>
            <line number="393" hits="0" branch="false"/>
            <line number="394" hits="0" branch="false"/>
            <line number="396" hits="0" branch="false"/>
            <line number="397" hits="0" branch="false"/>
            <line number="399" hits="0" branch="false"/>
            <line number="400" hits="0" branch="false"/>
            <line number="402" hits="0" branch="false"/>
            <line number="403" hits="0" branch="false"/>
            <line number="410" hits="5" branch="false"/>
            <line number="411" hits="5" branch="false"/>
            <line number="412" hits="5" branch="false"/>
            <line number="413" hits="5" branch="false"/>
            <line number="414" hits="5" branch="false"/>
            <line number="415" hits="5" branch="false"/>
            <line number="416" hits="5" branch="false"/>
            <line number="417" hits="5" branch="false"/>
            <line number="418" hits="5" branch="false"/>
            <line number="420" hits="5" branch="false"/>
            <line number="421" hits="5" branch="false"/>
            <line number="422" hits="5" branch="false"/>
            <line number="423" hits="5" branch="false"/>
            <line number="424" hits="5" branch="false"/>
            <line number="425" hits="5" branch="false"/>
            <line number="426" hits="5" branch="false"/>
            <line number="427" hits="5" branch="false"/>
            <line number="428" hits="5" branch="false"/>
            <line number="430" hits="5" branch="false"/>
            <line number="431" hits="0" branch="false"/>
            <line number="433" hits="5" branch="false"/>
            <line number="434" hits="5" branch="false"/>
            <line number="435" hits="5" branch="false"/>
            <line number="436" hits="5" branch="false"/>
            <line number="437" hits="5" branch="false"/>
            <line number="438" hits="5" branch="false"/>
            <line number="439" hits="0" branch="false"/>
            <line number="440" hits="0" branch="false"/>
            <line number="443" hits="5" branch="false"/>
            <line number="444" hits="5" branch="false"/>
            <line number="445" hits="5" branch="false"/>
            <line number="446" hits="5" branch="false"/>
            <line number="447" hits="5" branch="false"/>
            <line number="448" hits="5" branch="false"/>
            <line number="449" hits="5" branch="false"/>
            <line number="450" hits="5" branch="false"/>
            <line number="451" hits="5" branch="false"/>
            <line number="452" hits="5" branch="false"/>
            <line number="453" hits="5" branch="false"/>
            <line number="454" hits="5" branch="false"/>
            <line number="455" hits="5" branch="false"/>
            <line number="456" hits="5" branch="false"/>
            <line number="457" hits="5" branch="false"/>
            <line number="458" hits="5" branch="false"/>
            <line number="459" hits="5" branch="false"/>
            <line number="460" hits="5" branch="false"/>
            <line number="461" hits="5" branch="false"/>
            <line number="462" hits="5" branch="false"/>
            <line number="463" hits="5" branch="false"/>
            <line number="464" hits="2" branch="false"/>
            <line number="465" hits="2" branch="false"/>
            <line number="466" hits="2" branch="false"/>
            <line number="467" hits="2" branch="false"/>
            <line number="468" hits="2" branch="false"/>
            <line number="469" hits="2" branch="false"/>
            <line number="470" hits="2" branch="false"/>
            <line number="472" hits="5" branch="false"/>
            <line number="473" hits="5" branch="false"/>
            <line number="474" hits="5" branch="false"/>
            <line number="475" hits="5" branch="false"/>
            <line number="493" hits="4" branch="false"/>
            <line number="494" hits="0" branch="false"/>
            <line number="495" hits="2" branch="false"/>
            <line number="497" hits="2" branch="false"/>
            <line number="498" hits="1" branch="false"/>
            <line number="499" hits="1" branch="false"/>
            <line number="500" hits="1" branch="false"/>
            <line number="501" hits="1" branch="false"/>
            <line number="502" hits="1" branch="false"/>
            <line number="503" hits="1" branch="false"/>
            <line number="504" hits="1" branch="false"/>
            <line number="505" hits="1" branch="false"/>
            <line number="506" hits="1" branch="false"/>
            <line number="507" hits="1" branch="false"/>
            <line number="508" hits="1" branch="false"/>
            <line number="509" hits="1" branch="false"/>
            <line number="510" hits="1" branch="false"/>
            <line number="511" hits="1" branch="false"/>
            <line number="512" hits="1" branch="false"/>
            <line number="513" hits="1" branch="false"/>
            <line number="514" hits="1" branch="false"/>
            <line number="515" hits="1" branch="false"/>
            <line number="516" hits="1" branch="false"/>
            <line number="517" hits="1" branch="false"/>
            <line number="518" hits="1" branch="false"/>
            <line number="519" hits="1" branch="false"/>
            <line number="520" hits="1" branch="false"/>
            <line number="521" hits="1" branch="false"/>
            <line number="522" hits="1" branch="false"/>
            <line number="523" hits="1" branch="false"/>
            <line number="524" hits="1" branch="false"/>
            <line number="525" hits="1" branch="false"/>
            <line number="526" hits="1" branch="false"/>
            <line number="527" hits="1" branch="false"/>
            <line number="528" hits="1" branch="false"/>
            <line number="529" hits="1" branch="false"/>
            <line number="530" hits="1" branch="false"/>
            <line number="531" hits="1" branch="false"/>
            <line number="532" hits="1" branch="false"/>
            <line number="533" hits="1" branch="false"/>
            <line number="534" hits="1" branch="false"/>
            <line number="535" hits="1" branch="false"/>
            <line number="536" hits="1" branch="false"/>
            <line number="537" hits="1" branch="false"/>
            <line number="538" hits="1" branch="false"/>
            <line number="539" hits="1" branch="false"/>
            <line number="540" hits="1" branch="false"/>
            <line number="541" hits="1" branch="false"/>
            <line number="542" hits="1" branch="false"/>
            <line number="543" hits="1" branch="false"/>
            <line number="544" hits="1" branch="false"/>
            <line number="545" hits="1" branch="false"/>
            <line number="546" hits="1" branch="false"/>
            <line number="547" hits="1" branch="false"/>
            <line number="548" hits="1" branch="false"/>
            <line number="550" hits="1" branch="false"/>
            <line number="551" hits="1" branch="false"/>
            <line number="552" hits="1" branch="false"/>
            <line number="553" hits="1" branch="false"/>
            <line number="554" hits="1" branch="false"/>
            <line number="555" hits="1" branch="false"/>
            <line number="556" hits="1" branch="false"/>
            <line number="557" hits="1" branch="false"/>
            <line number="558" hits="1" branch="false"/>
            <line number="559" hits="1" branch="false"/>
            <line number="560" hits="1" branch="false"/>
            <line number="561" hits="1" branch="false"/>
            <line number="562" hits="1" branch="false"/>
            <line number="563" hits="1" branch="false"/>
            <line number="564" hits="1" branch="false"/>
            <line number="565" hits="1" branch="false"/>
            <line number="566" hits="1" branch="false"/>
            <line number="567" hits="1" branch="false"/>
            <line number="568" hits="1" branch="false"/>
            <line number="569" hits="1" branch="false"/>
            <line number="570" hits="1" branch="false"/>
            <line number="571" hits="1" branch="false"/>
            <line number="572" hits="1" branch="false"/>
            <line number="573" hits="1" branch="false"/>
            <line number="574" hits="1" branch="false"/>
            <line number="575" hits="1" branch="false"/>
            <line number="576" hits="1" branch="false"/>
            <line number="577" hits="1" branch="false"/>
            <line number="578" hits="1" branch="false"/>
            <line number="579" hits="1" branch="false"/>
            <line number="580" hits="1" branch="false"/>
            <line number="581" hits="1" branch="false"/>
            <line number="582" hits="1" branch="false"/>
            <line number="583" hits="1" branch="false"/>
            <line number="584" hits="1" branch="false"/>
            <line number="585" hits="1" branch="false"/>
            <line number="586" hits="1" branch="false"/>
            <line number="587" hits="1" branch="false"/>
            <line number="588" hits="1" branch="false"/>
            <line number="589" hits="1" branch="false"/>
            <line number="590" hits="1" branch="false"/>
            <line number="591" hits="1" branch="false"/>
            <line number="592" hits="1" branch="false"/>
            <line number="593" hits="1" branch="false"/>
            <line number="594" hits="1" branch="false"/>
            <line number="595" hits="1" branch="false"/>
            <line number="597" hits="2" branch="false"/>
            <line number="598" hits="2" branch="false"/>
            <line number="599" hits="2" branch="false"/>
            <line number="600" hits="2" branch="false"/>
            <line number="601" hits="2" branch="false"/>
            <line number="602" hits="2" branch="false"/>
            <line number="603" hits="2" branch="false"/>
            <line number="604" hits="2" branch="false"/>
            <line number="605" hits="2" branch="false"/>
            <line number="606" hits="2" branch="false"/>
            <line number="607" hits="2" branch="false"/>
            <line number="608" hits="2" branch="false"/>
            <line number="609" hits="2" branch="false"/>
            <line number="610" hits="2" branch="false"/>
            <line number="611" hits="2" branch="false"/>
            <line number="612" hits="2" branch="false"/>
            <line number="613" hits="2" branch="false"/>
          </lines>
        </class>
        <class name="functions.cpp" filename="src/functions.cpp" line-rate="1" branch-rate="0" complexity="0">
          <methods/>
          <lines>
            <line number="13" hits="6990944" branch="false"/>
            <line number="17" hits="6990944" branch="false"/>
            <line number="18" hits="6990944" branch="false"/>
            <line number="20" hits="6990944" branch="false"/>
            <line number="21" hits="6990944" branch="false"/>
            <line number="22" hits="60656552" branch="false"/>
            <line number="25" hits="53665608" branch="false"/>
            <line number="27" hits="6990944" branch="false"/>
            <line number="32" hits="43308632" branch="false"/>
            <line number="36" hits="43308632" branch="false"/>
            <line number="37" hits="43308632" branch="false"/>
            <line number="39" hits="43308632" branch="false"/>
            <line number="40" hits="43308632" branch="false"/>
            <line number="41" hits="342472276" branch="false"/>
            <line number="42" hits="299163644" branch="false"/>
            <line number="44" hits="43308632" branch="false"/>
            <line number="48" hits="14" branch="false"/>
            <line number="49" hits="28" branch="false"/>
            <line number="50" hits="28" branch="false"/>
            <line number="51" hits="28" branch="false"/>
            <line number="52" hits="28" branch="false"/>
            <line number="53" hits="28" branch="false"/>
            <line number="54" hits="28" branch="false"/>
            <line number="55" hits="28" branch="false"/>
            <line number="56" hits="28" branch="false"/>
            <line number="58" hits="14" branch="false"/>
            <line number="59" hits="14" branch="false"/>
            <line number="60" hits="14" branch="false"/>
            <line number="61" hits="14" branch="false"/>
            <line number="62" hits="14" branch="false"/>
            <line number="63" hits="14" branch="false"/>
            <line number="64" hits="14" branch="false"/>
            <line number="66" hits="14" branch="false"/>
            <line number="68" hits="25149196" branch="false"/>
            <line number="69" hits="25149182" branch="false"/>
            <line number="70" hits="25149182" branch="false"/>
            <line number="72" hits="14" branch="false"/>
            <line number="74" hits="16" branch="false"/>
            <line number="75" hits="21653920" branch="false"/>
            <line number="76" hits="21653912" branch="false"/>
            <line number="77" hits="21653912" branch="false"/>
            <line number="79" hits="21653912" branch="false"/>
            <line number="80" hits="21653912" branch="false"/>
            <line number="81" hits="21653912" branch="false"/>
            <line number="82" hits="21653912" branch="false"/>
            <line number="83" hits="21653912" branch="false"/>
            <line number="84" hits="21653912" branch="false"/>
            <line number="86" hits="16" branch="false"/>
            <line number="87" hits="16" branch="false"/>
            <line number="88" hits="16" branch="false"/>
            <line number="89" hits="16" branch="false"/>
            <line number="90" hits="16" branch="false"/>
            <line number="91" hits="16" branch="false"/>
            <line number="92" hits="16" branch="false"/>
            <line number="93" hits="16" branch="false"/>
            <line number="94" hits="16" branch="false"/>
            <line number="95" hits="16" branch="false"/>
            <line number="96" hits="16" branch="false"/>
            <line number="97" hits="16" branch="false"/>
            <line number="98" hits="16" branch="false"/>
            <line number="99" hits="16" branch="false"/>
            <line number="100" hits="24" branch="false"/>
            <line number="101" hits="8" branch="false"/>
            <line number="103" hits="3495276" branch="false"/>
            <line number="104" hits="3495270" branch="false"/>
            <line number="105" hits="3495270" branch="false"/>
            <line number="106" hits="3495270" branch="false"/>
            <line number="107" hits="3495270" branch="false"/>
            <line number="108" hits="3495270" branch="false"/>
            <line number="109" hits="3495270" branch="false"/>
            <line number="110" hits="3495270" branch="false"/>
            <line number="111" hits="3495270" branch="false"/>
            <line number="113" hits="12" branch="false"/>
            <line number="114" hits="12" branch="false"/>
            <line number="115" hits="12" branch="false"/>
            <line number="116" hits="12" branch="false"/>
            <line number="117" hits="12" branch="false"/>
            <line number="118" hits="12" branch="false"/>
            <line number="119" hits="12" branch="false"/>
            <line number="120" hits="12" branch="false"/>
            <line number="121" hits="12" branch="false"/>
            <line number="122" hits="12" branch="false"/>
            <line number="123" hits="12" branch="false"/>
            <line number="124" hits="12" branch="false"/>
            <line number="125" hits="12" branch="false"/>
            <line number="126" hits="18" branch="false"/>
            <line number="128" hits="28" branch="false"/>
            <line number="129" hits="14" branch="false"/>
          </lines>
        </class>
      </classes>
    </package>
  </packages>
</coverage>
